{"/home/runner/work/dasboard/dasboard/src/app/dashboard/src/config.ts": {"path":"/home/runner/work/dasboard/dasboard/src/app/dashboard/src/config.ts","statementMap":{"0":{"start":{"line":2,"column":13},"end":{"line":4,"column":2}}},"fnMap":{},"branchMap":{},"s":{"0":1},"f":{},"b":{}}
,"/home/runner/work/dasboard/dasboard/src/app/dashboard/src/index.ts": {"path":"/home/runner/work/dasboard/dasboard/src/app/dashboard/src/index.ts","statementMap":{"0":{"start":{"line":1,"column":0},"end":{"line":1,"column":53}},"1":{"start":{"line":2,"column":0},"end":{"line":2,"column":null}},"2":{"start":{"line":4,"column":0},"end":{"line":4,"column":42}},"3":{"start":{"line":5,"column":0},"end":{"line":5,"column":36}},"4":{"start":{"line":6,"column":0},"end":{"line":6,"column":null}},"5":{"start":{"line":12,"column":0},"end":{"line":12,"column":29}},"6":{"start":{"line":13,"column":20},"end":{"line":15,"column":1}},"7":{"start":{"line":14,"column":2},"end":{"line":14,"column":23}},"8":{"start":{"line":13,"column":13},"end":{"line":13,"column":20}},"9":{"start":{"line":17,"column":0},"end":{"line":17,"column":43}},"10":{"start":{"line":18,"column":0},"end":{"line":18,"column":46}},"11":{"start":{"line":21,"column":0},"end":{"line":55,"column":3}},"12":{"start":{"line":22,"column":2},"end":{"line":22,"column":34}},"13":{"start":{"line":23,"column":2},"end":{"line":23,"column":36}},"14":{"start":{"line":24,"column":14},"end":{"line":24,"column":46}},"15":{"start":{"line":25,"column":20},"end":{"line":25,"column":56}},"16":{"start":{"line":26,"column":19},"end":{"line":26,"column":59}},"17":{"start":{"line":27,"column":2},"end":{"line":54,"column":5}},"18":{"start":{"line":28,"column":21},"end":{"line":31,"column":6}},"19":{"start":{"line":33,"column":22},"end":{"line":33,"column":64}},"20":{"start":{"line":34,"column":4},"end":{"line":34,"column":70}},"21":{"start":{"line":35,"column":22},"end":{"line":35,"column":30}},"22":{"start":{"line":36,"column":29},"end":{"line":39,"column":6}},"23":{"start":{"line":40,"column":25},"end":{"line":40,"column":45}},"24":{"start":{"line":42,"column":4},"end":{"line":46,"column":7}},"25":{"start":{"line":43,"column":21},"end":{"line":43,"column":71}},"26":{"start":{"line":44,"column":6},"end":{"line":44,"column":39}},"27":{"start":{"line":45,"column":6},"end":{"line":45,"column":37}},"28":{"start":{"line":48,"column":4},"end":{"line":48,"column":24}},"29":{"start":{"line":49,"column":4},"end":{"line":49,"column":40}},"30":{"start":{"line":50,"column":4},"end":{"line":52,"column":null}},"31":{"start":{"line":51,"column":6},"end":{"line":51,"column":34}},"32":{"start":{"line":53,"column":5},"end":{"line":53,"column":59}}},"fnMap":{"0":{"name":"(anonymous_0)","decl":{"start":{"line":13,"column":20},"end":{"line":13,"column":23}},"loc":{"start":{"line":13,"column":25},"end":{"line":15,"column":1}}},"1":{"name":"(anonymous_1)","decl":{"start":{"line":21,"column":46},"end":{"line":21,"column":49}},"loc":{"start":{"line":21,"column":51},"end":{"line":55,"column":1}}},"2":{"name":"(anonymous_2)","decl":{"start":{"line":27,"column":37},"end":{"line":27,"column":38}},"loc":{"start":{"line":27,"column":59},"end":{"line":54,"column":3}}},"3":{"name":"(anonymous_3)","decl":{"start":{"line":42,"column":18},"end":{"line":42,"column":19}},"loc":{"start":{"line":42,"column":27},"end":{"line":46,"column":5}}}},"branchMap":{"0":{"loc":{"start":{"line":50,"column":4},"end":{"line":52,"column":null}},"type":"if","locations":[{"start":{"line":50,"column":4},"end":{"line":52,"column":null}}]}},"s":{"0":1,"1":1,"2":1,"3":1,"4":1,"5":1,"6":1,"7":3,"8":1,"9":1,"10":1,"11":1,"12":3,"13":3,"14":3,"15":3,"16":3,"17":3,"18":3,"19":3,"20":3,"21":3,"22":3,"23":3,"24":3,"25":6,"26":6,"27":6,"28":3,"29":3,"30":3,"31":3,"32":3},"f":{"0":3,"1":3,"2":3,"3":6},"b":{"0":[3]}}
,"/home/runner/work/dasboard/dasboard/src/app/dashboard/src/badge/badge.ts": {"path":"/home/runner/work/dasboard/dasboard/src/app/dashboard/src/badge/badge.ts","statementMap":{"0":{"start":{"line":7,"column":16},"end":{"line":7,"column":33}},"1":{"start":{"line":14,"column":4},"end":{"line":14,"column":22}},"2":{"start":{"line":20,"column":4},"end":{"line":20,"column":12}},"3":{"start":{"line":27,"column":17},"end":{"line":27,"column":42}},"4":{"start":{"line":28,"column":18},"end":{"line":28,"column":44}},"5":{"start":{"line":29,"column":4},"end":{"line":33,"column":13}},"6":{"start":{"line":45,"column":4},"end":{"line":49,"column":null}},"7":{"start":{"line":46,"column":6},"end":{"line":48,"column":null}},"8":{"start":{"line":47,"column":8},"end":{"line":47,"column":33}},"9":{"start":{"line":6,"column":0},"end":{"line":6,"column":13}}},"fnMap":{"0":{"name":"(anonymous_0)","decl":{"start":{"line":13,"column":2},"end":{"line":13,"column":8}},"loc":{"start":{"line":13,"column":31},"end":{"line":15,"column":3}}},"1":{"name":"(anonymous_1)","decl":{"start":{"line":19,"column":2},"end":{"line":19,"column":null}},"loc":{"start":{"line":19,"column":2},"end":{"line":21,"column":3}}},"2":{"name":"(anonymous_2)","decl":{"start":{"line":26,"column":2},"end":{"line":26,"column":19}},"loc":{"start":{"line":26,"column":19},"end":{"line":34,"column":3}}},"3":{"name":"(anonymous_3)","decl":{"start":{"line":42,"column":2},"end":{"line":42,"column":26}},"loc":{"start":{"line":43,"column":68},"end":{"line":50,"column":3}}}},"branchMap":{"0":{"loc":{"start":{"line":45,"column":4},"end":{"line":49,"column":null}},"type":"if","locations":[{"start":{"line":45,"column":4},"end":{"line":49,"column":null}}]},"1":{"loc":{"start":{"line":46,"column":6},"end":{"line":48,"column":null}},"type":"if","locations":[{"start":{"line":46,"column":6},"end":{"line":48,"column":null}}]}},"s":{"0":3,"1":3,"2":6,"3":20,"4":20,"5":20,"6":15,"7":14,"8":14,"9":3},"f":{"0":3,"1":6,"2":20,"3":15},"b":{"0":[14],"1":[14]}}
,"/home/runner/work/dasboard/dasboard/src/app/dashboard/src/dataService/data.ts": {"path":"/home/runner/work/dasboard/dasboard/src/app/dashboard/src/dataService/data.ts","statementMap":{"0":{"start":{"line":1,"column":0},"end":{"line":1,"column":38}},"1":{"start":{"line":4,"column":35},"end":{"line":11,"column":2}},"2":{"start":{"line":24,"column":24},"end":{"line":34,"column":1}},"3":{"start":{"line":26,"column":20},"end":{"line":26,"column":22}},"4":{"start":{"line":27,"column":2},"end":{"line":29,"column":5}},"5":{"start":{"line":28,"column":4},"end":{"line":28,"column":60}},"6":{"start":{"line":30,"column":2},"end":{"line":33,"column":4}},"7":{"start":{"line":36,"column":27},"end":{"line":40,"column":1}},"8":{"start":{"line":37,"column":2},"end":{"line":39,"column":5}},"9":{"start":{"line":38,"column":4},"end":{"line":38,"column":60}},"10":{"start":{"line":36,"column":13},"end":{"line":36,"column":27}},"11":{"start":{"line":41,"column":28},"end":{"line":50,"column":1}},"12":{"start":{"line":42,"column":2},"end":{"line":49,"column":5}},"13":{"start":{"line":43,"column":21},"end":{"line":43,"column":23}},"14":{"start":{"line":44,"column":4},"end":{"line":46,"column":7}},"15":{"start":{"line":45,"column":6},"end":{"line":45,"column":45}},"16":{"start":{"line":48,"column":4},"end":{"line":48,"column":57}},"17":{"start":{"line":41,"column":13},"end":{"line":41,"column":28}},"18":{"start":{"line":51,"column":26},"end":{"line":53,"column":1}},"19":{"start":{"line":52,"column":2},"end":{"line":52,"column":43}},"20":{"start":{"line":51,"column":13},"end":{"line":51,"column":26}},"21":{"start":{"line":54,"column":27},"end":{"line":56,"column":1}},"22":{"start":{"line":55,"column":2},"end":{"line":55,"column":44}},"23":{"start":{"line":54,"column":13},"end":{"line":54,"column":27}}},"fnMap":{"0":{"name":"(anonymous_0)","decl":{"start":{"line":24,"column":24},"end":{"line":24,"column":25}},"loc":{"start":{"line":24,"column":51},"end":{"line":34,"column":1}}},"1":{"name":"(anonymous_1)","decl":{"start":{"line":27,"column":18},"end":{"line":27,"column":19}},"loc":{"start":{"line":27,"column":29},"end":{"line":29,"column":3}}},"2":{"name":"(anonymous_2)","decl":{"start":{"line":36,"column":27},"end":{"line":36,"column":28}},"loc":{"start":{"line":36,"column":43},"end":{"line":40,"column":1}}},"3":{"name":"(anonymous_3)","decl":{"start":{"line":37,"column":17},"end":{"line":37,"column":18}},"loc":{"start":{"line":37,"column":26},"end":{"line":39,"column":3}}},"4":{"name":"(anonymous_4)","decl":{"start":{"line":41,"column":28},"end":{"line":41,"column":29}},"loc":{"start":{"line":41,"column":44},"end":{"line":50,"column":1}}},"5":{"name":"(anonymous_5)","decl":{"start":{"line":42,"column":17},"end":{"line":42,"column":18}},"loc":{"start":{"line":42,"column":26},"end":{"line":49,"column":3}}},"6":{"name":"(anonymous_6)","decl":{"start":{"line":44,"column":17},"end":{"line":44,"column":18}},"loc":{"start":{"line":44,"column":29},"end":{"line":46,"column":5}}},"7":{"name":"(anonymous_7)","decl":{"start":{"line":51,"column":26},"end":{"line":51,"column":29}},"loc":{"start":{"line":51,"column":31},"end":{"line":53,"column":1}}},"8":{"name":"(anonymous_8)","decl":{"start":{"line":54,"column":27},"end":{"line":54,"column":30}},"loc":{"start":{"line":54,"column":32},"end":{"line":56,"column":1}}}},"branchMap":{},"s":{"0":2,"1":2,"2":2,"3":8,"4":8,"5":10,"6":8,"7":2,"8":4,"9":4,"10":2,"11":2,"12":4,"13":4,"14":4,"15":5,"16":4,"17":2,"18":2,"19":4,"20":2,"21":2,"22":4,"23":2},"f":{"0":8,"1":10,"2":4,"3":4,"4":4,"5":4,"6":5,"7":4,"8":4},"b":{}}
,"/home/runner/work/dasboard/dasboard/src/app/dashboard/src/dataService/fetchData.ts": {"path":"/home/runner/work/dasboard/dasboard/src/app/dashboard/src/dataService/fetchData.ts","statementMap":{"0":{"start":{"line":1,"column":25},"end":{"line":29,"column":1}},"1":{"start":{"line":2,"column":2},"end":{"line":28,"column":9}},"2":{"start":{"line":4,"column":8},"end":{"line":12,"column":null}},"3":{"start":{"line":5,"column":30},"end":{"line":5,"column":61}},"4":{"start":{"line":6,"column":10},"end":{"line":11,"column":null}},"5":{"start":{"line":8,"column":14},"end":{"line":8,"column":32}},"6":{"start":{"line":10,"column":14},"end":{"line":10,"column":32}},"7":{"start":{"line":16,"column":8},"end":{"line":24,"column":null}},"8":{"start":{"line":17,"column":10},"end":{"line":21,"column":null}},"9":{"start":{"line":18,"column":12},"end":{"line":18,"column":38}},"10":{"start":{"line":20,"column":12},"end":{"line":20,"column":26}},"11":{"start":{"line":23,"column":10},"end":{"line":23,"column":26}},"12":{"start":{"line":25,"column":8},"end":{"line":27,"column":null}},"13":{"start":{"line":26,"column":10},"end":{"line":26,"column":28}},"14":{"start":{"line":1,"column":13},"end":{"line":1,"column":25}}},"fnMap":{"0":{"name":"(anonymous_0)","decl":{"start":{"line":1,"column":25},"end":{"line":1,"column":26}},"loc":{"start":{"line":1,"column":73},"end":{"line":29,"column":1}}},"1":{"name":"(anonymous_1)","decl":{"start":{"line":3,"column":12},"end":{"line":3,"column":13}},"loc":{"start":{"line":3,"column":20},"end":{"line":13,"column":7}}},"2":{"name":"(anonymous_2)","decl":{"start":{"line":14,"column":12},"end":{"line":14,"column":13}},"loc":{"start":{"line":14,"column":21},"end":{"line":28,"column":7}}}},"branchMap":{"0":{"loc":{"start":{"line":4,"column":8},"end":{"line":12,"column":null}},"type":"if","locations":[{"start":{"line":4,"column":8},"end":{"line":12,"column":null}}]},"1":{"loc":{"start":{"line":6,"column":10},"end":{"line":11,"column":null}},"type":"switch","locations":[{"start":{"line":7,"column":12},"end":{"line":8,"column":32}},{"start":{"line":9,"column":12},"end":{"line":10,"column":32}}]},"2":{"loc":{"start":{"line":17,"column":10},"end":{"line":21,"column":null}},"type":"if","locations":[{"start":{"line":17,"column":10},"end":{"line":21,"column":null}},{"start":{"line":19,"column":17},"end":{"line":21,"column":null}}]},"3":{"loc":{"start":{"line":25,"column":8},"end":{"line":27,"column":null}},"type":"if","locations":[{"start":{"line":25,"column":8},"end":{"line":27,"column":null}}]}},"s":{"0":3,"1":11,"2":11,"3":11,"4":11,"5":6,"6":5,"7":11,"8":11,"9":5,"10":6,"11":1,"12":11,"13":11,"14":3},"f":{"0":11,"1":11,"2":11},"b":{"0":[11],"1":[6,5],"2":[5,6],"3":[11]}}
,"/home/runner/work/dasboard/dasboard/src/app/dashboard/src/dom/dom.ts": {"path":"/home/runner/work/dasboard/dasboard/src/app/dashboard/src/dom/dom.ts","statementMap":{"0":{"start":{"line":17,"column":17},"end":{"line":21,"column":1}},"1":{"start":{"line":18,"column":2},"end":{"line":20,"column":null}},"2":{"start":{"line":19,"column":4},"end":{"line":19,"column":36}},"3":{"start":{"line":22,"column":20},"end":{"line":26,"column":1}},"4":{"start":{"line":23,"column":2},"end":{"line":25,"column":null}},"5":{"start":{"line":24,"column":4},"end":{"line":24,"column":34}},"6":{"start":{"line":27,"column":20},"end":{"line":35,"column":1}},"7":{"start":{"line":28,"column":2},"end":{"line":34,"column":null}},"8":{"start":{"line":29,"column":4},"end":{"line":33,"column":null}},"9":{"start":{"line":30,"column":6},"end":{"line":30,"column":33}},"10":{"start":{"line":32,"column":6},"end":{"line":32,"column":36}},"11":{"start":{"line":36,"column":20},"end":{"line":41,"column":1}},"12":{"start":{"line":37,"column":2},"end":{"line":40,"column":null}},"13":{"start":{"line":38,"column":4},"end":{"line":38,"column":34}},"14":{"start":{"line":39,"column":4},"end":{"line":39,"column":36}},"15":{"start":{"line":43,"column":42},"end":{"line":89,"column":1}},"16":{"start":{"line":44,"column":12},"end":{"line":44,"column":29}},"17":{"start":{"line":45,"column":12},"end":{"line":45,"column":30}},"18":{"start":{"line":48,"column":2},"end":{"line":51,"column":4}},"19":{"start":{"line":49,"column":29},"end":{"line":49,"column":33}},"20":{"start":{"line":50,"column":4},"end":{"line":50,"column":32}},"21":{"start":{"line":52,"column":2},"end":{"line":56,"column":4}},"22":{"start":{"line":53,"column":4},"end":{"line":55,"column":7}},"23":{"start":{"line":54,"column":6},"end":{"line":54,"column":34}},"24":{"start":{"line":58,"column":2},"end":{"line":61,"column":4}},"25":{"start":{"line":59,"column":29},"end":{"line":59,"column":33}},"26":{"start":{"line":60,"column":4},"end":{"line":60,"column":30}},"27":{"start":{"line":62,"column":2},"end":{"line":66,"column":4}},"28":{"start":{"line":63,"column":4},"end":{"line":65,"column":7}},"29":{"start":{"line":64,"column":6},"end":{"line":64,"column":32}},"30":{"start":{"line":69,"column":2},"end":{"line":72,"column":4}},"31":{"start":{"line":70,"column":29},"end":{"line":70,"column":33}},"32":{"start":{"line":71,"column":4},"end":{"line":71,"column":35}},"33":{"start":{"line":73,"column":2},"end":{"line":77,"column":4}},"34":{"start":{"line":74,"column":4},"end":{"line":76,"column":7}},"35":{"start":{"line":75,"column":6},"end":{"line":75,"column":37}},"36":{"start":{"line":80,"column":2},"end":{"line":83,"column":4}},"37":{"start":{"line":81,"column":29},"end":{"line":81,"column":33}},"38":{"start":{"line":82,"column":4},"end":{"line":82,"column":40}},"39":{"start":{"line":84,"column":2},"end":{"line":88,"column":4}},"40":{"start":{"line":85,"column":4},"end":{"line":87,"column":7}},"41":{"start":{"line":86,"column":6},"end":{"line":86,"column":42}},"42":{"start":{"line":43,"column":13},"end":{"line":43,"column":42}}},"fnMap":{"0":{"name":"(anonymous_0)","decl":{"start":{"line":17,"column":17},"end":{"line":17,"column":18}},"loc":{"start":{"line":17,"column":56},"end":{"line":21,"column":1}}},"1":{"name":"(anonymous_1)","decl":{"start":{"line":22,"column":20},"end":{"line":22,"column":21}},"loc":{"start":{"line":22,"column":54},"end":{"line":26,"column":1}}},"2":{"name":"(anonymous_2)","decl":{"start":{"line":27,"column":20},"end":{"line":27,"column":21}},"loc":{"start":{"line":27,"column":68},"end":{"line":35,"column":1}}},"3":{"name":"(anonymous_3)","decl":{"start":{"line":36,"column":20},"end":{"line":36,"column":21}},"loc":{"start":{"line":36,"column":72},"end":{"line":41,"column":1}}},"4":{"name":"(anonymous_4)","decl":{"start":{"line":43,"column":42},"end":{"line":43,"column":45}},"loc":{"start":{"line":43,"column":47},"end":{"line":89,"column":1}}},"5":{"name":"(anonymous_5)","decl":{"start":{"line":48,"column":15},"end":{"line":48,"column":20}},"loc":{"start":{"line":48,"column":46},"end":{"line":51,"column":3}}},"6":{"name":"(anonymous_6)","decl":{"start":{"line":52,"column":15},"end":{"line":52,"column":24}},"loc":{"start":{"line":52,"column":40},"end":{"line":56,"column":3}}},"7":{"name":"(anonymous_7)","decl":{"start":{"line":53,"column":17},"end":{"line":53,"column":18}},"loc":{"start":{"line":53,"column":38},"end":{"line":55,"column":5}}},"8":{"name":"(anonymous_8)","decl":{"start":{"line":58,"column":18},"end":{"line":58,"column":23}},"loc":{"start":{"line":58,"column":44},"end":{"line":61,"column":3}}},"9":{"name":"(anonymous_9)","decl":{"start":{"line":62,"column":18},"end":{"line":62,"column":27}},"loc":{"start":{"line":62,"column":38},"end":{"line":66,"column":3}}},"10":{"name":"(anonymous_10)","decl":{"start":{"line":63,"column":17},"end":{"line":63,"column":18}},"loc":{"start":{"line":63,"column":38},"end":{"line":65,"column":5}}},"11":{"name":"(anonymous_11)","decl":{"start":{"line":69,"column":18},"end":{"line":69,"column":23}},"loc":{"start":{"line":69,"column":58},"end":{"line":72,"column":3}}},"12":{"name":"(anonymous_12)","decl":{"start":{"line":73,"column":18},"end":{"line":73,"column":27}},"loc":{"start":{"line":73,"column":52},"end":{"line":77,"column":3}}},"13":{"name":"(anonymous_13)","decl":{"start":{"line":74,"column":17},"end":{"line":74,"column":18}},"loc":{"start":{"line":74,"column":38},"end":{"line":76,"column":5}}},"14":{"name":"(anonymous_14)","decl":{"start":{"line":80,"column":18},"end":{"line":80,"column":23}},"loc":{"start":{"line":80,"column":62},"end":{"line":83,"column":3}}},"15":{"name":"(anonymous_15)","decl":{"start":{"line":84,"column":18},"end":{"line":84,"column":27}},"loc":{"start":{"line":84,"column":56},"end":{"line":88,"column":3}}},"16":{"name":"(anonymous_16)","decl":{"start":{"line":85,"column":17},"end":{"line":85,"column":18}},"loc":{"start":{"line":85,"column":38},"end":{"line":87,"column":5}}}},"branchMap":{"0":{"loc":{"start":{"line":18,"column":2},"end":{"line":20,"column":null}},"type":"if","locations":[{"start":{"line":18,"column":2},"end":{"line":20,"column":null}}]},"1":{"loc":{"start":{"line":18,"column":6},"end":{"line":18,"column":34}},"type":"binary-expr","locations":[{"start":{"line":18,"column":6},"end":{"line":18,"column":13}},{"start":{"line":18,"column":17},"end":{"line":18,"column":34}}]},"2":{"loc":{"start":{"line":23,"column":2},"end":{"line":25,"column":null}},"type":"if","locations":[{"start":{"line":23,"column":2},"end":{"line":25,"column":null}}]},"3":{"loc":{"start":{"line":23,"column":6},"end":{"line":23,"column":34}},"type":"binary-expr","locations":[{"start":{"line":23,"column":6},"end":{"line":23,"column":13}},{"start":{"line":23,"column":17},"end":{"line":23,"column":34}}]},"4":{"loc":{"start":{"line":28,"column":2},"end":{"line":34,"column":null}},"type":"if","locations":[{"start":{"line":28,"column":2},"end":{"line":34,"column":null}}]},"5":{"loc":{"start":{"line":28,"column":6},"end":{"line":28,"column":34}},"type":"binary-expr","locations":[{"start":{"line":28,"column":6},"end":{"line":28,"column":13}},{"start":{"line":28,"column":17},"end":{"line":28,"column":34}}]},"6":{"loc":{"start":{"line":29,"column":4},"end":{"line":33,"column":null}},"type":"if","locations":[{"start":{"line":29,"column":4},"end":{"line":33,"column":null}},{"start":{"line":31,"column":11},"end":{"line":33,"column":null}}]},"7":{"loc":{"start":{"line":37,"column":2},"end":{"line":40,"column":null}},"type":"if","locations":[{"start":{"line":37,"column":2},"end":{"line":40,"column":null}}]},"8":{"loc":{"start":{"line":37,"column":6},"end":{"line":37,"column":34}},"type":"binary-expr","locations":[{"start":{"line":37,"column":6},"end":{"line":37,"column":13}},{"start":{"line":37,"column":17},"end":{"line":37,"column":34}}]}},"s":{"0":3,"1":10,"2":10,"3":3,"4":5,"5":5,"6":3,"7":12,"8":12,"9":6,"10":6,"11":3,"12":3,"13":3,"14":3,"15":3,"16":5,"17":5,"18":5,"19":8,"20":8,"21":5,"22":1,"23":2,"24":5,"25":1,"26":1,"27":5,"28":9,"29":4,"30":5,"31":10,"32":10,"33":5,"34":1,"35":2,"36":5,"37":1,"38":1,"39":5,"40":1,"41":2,"42":3},"f":{"0":10,"1":5,"2":12,"3":3,"4":5,"5":8,"6":1,"7":2,"8":1,"9":9,"10":4,"11":10,"12":1,"13":2,"14":1,"15":1,"16":2},"b":{"0":[10],"1":[10,10],"2":[5],"3":[5,5],"4":[12],"5":[12,12],"6":[6,6],"7":[3],"8":[3,3]}}
,"/home/runner/work/dasboard/dasboard/src/app/dashboard/src/highlight/highlight.ts": {"path":"/home/runner/work/dasboard/dasboard/src/app/dashboard/src/highlight/highlight.ts","statementMap":{"0":{"start":{"line":2,"column":0},"end":{"line":2,"column":56}},"1":{"start":{"line":3,"column":0},"end":{"line":3,"column":41}},"2":{"start":{"line":5,"column":0},"end":{"line":5,"column":29}},"3":{"start":{"line":6,"column":25},"end":{"line":14,"column":1}},"4":{"start":{"line":7,"column":18},"end":{"line":7,"column":30}},"5":{"start":{"line":8,"column":14},"end":{"line":8,"column":22}},"6":{"start":{"line":9,"column":2},"end":{"line":12,"column":5}},"7":{"start":{"line":10,"column":16},"end":{"line":10,"column":30}},"8":{"start":{"line":11,"column":4},"end":{"line":11,"column":71}},"9":{"start":{"line":13,"column":2},"end":{"line":13,"column":16}},"10":{"start":{"line":6,"column":13},"end":{"line":6,"column":25}},"11":{"start":{"line":16,"column":31},"end":{"line":26,"column":1}},"12":{"start":{"line":17,"column":31},"end":{"line":17,"column":74}},"13":{"start":{"line":18,"column":2},"end":{"line":25,"column":5}},"14":{"start":{"line":19,"column":25},"end":{"line":19,"column":58}},"15":{"start":{"line":20,"column":17},"end":{"line":20,"column":67}},"16":{"start":{"line":21,"column":16},"end":{"line":21,"column":46}},"17":{"start":{"line":22,"column":4},"end":{"line":24,"column":null}},"18":{"start":{"line":23,"column":6},"end":{"line":23,"column":59}},"19":{"start":{"line":16,"column":13},"end":{"line":16,"column":31}},"20":{"start":{"line":27,"column":26},"end":{"line":52,"column":1}},"21":{"start":{"line":28,"column":25},"end":{"line":28,"column":58}},"22":{"start":{"line":29,"column":2},"end":{"line":51,"column":null}},"23":{"start":{"line":30,"column":19},"end":{"line":30,"column":67}},"24":{"start":{"line":31,"column":4},"end":{"line":31,"column":34}},"25":{"start":{"line":32,"column":4},"end":{"line":50,"column":null}},"26":{"start":{"line":33,"column":6},"end":{"line":49,"column":null}},"27":{"start":{"line":34,"column":8},"end":{"line":48,"column":11}},"28":{"start":{"line":35,"column":24},"end":{"line":35,"column":36}},"29":{"start":{"line":36,"column":27},"end":{"line":36,"column":75}},"30":{"start":{"line":37,"column":26},"end":{"line":37,"column":64}},"31":{"start":{"line":38,"column":10},"end":{"line":47,"column":null}},"32":{"start":{"line":39,"column":12},"end":{"line":39,"column":49}},"33":{"start":{"line":40,"column":12},"end":{"line":40,"column":40}},"34":{"start":{"line":42,"column":26},"end":{"line":42,"column":65}},"35":{"start":{"line":43,"column":12},"end":{"line":43,"column":45}},"36":{"start":{"line":44,"column":12},"end":{"line":44,"column":47}},"37":{"start":{"line":45,"column":12},"end":{"line":45,"column":38}},"38":{"start":{"line":46,"column":12},"end":{"line":46,"column":41}},"39":{"start":{"line":27,"column":13},"end":{"line":27,"column":26}},"40":{"start":{"line":54,"column":31},"end":{"line":65,"column":1}},"41":{"start":{"line":55,"column":18},"end":{"line":55,"column":49}},"42":{"start":{"line":56,"column":32},"end":{"line":59,"column":4}},"43":{"start":{"line":60,"column":2},"end":{"line":60,"column":46}},"44":{"start":{"line":61,"column":2},"end":{"line":64,"column":4}},"45":{"start":{"line":54,"column":13},"end":{"line":54,"column":31}}},"fnMap":{"0":{"name":"(anonymous_0)","decl":{"start":{"line":6,"column":25},"end":{"line":6,"column":26}},"loc":{"start":{"line":6,"column":66},"end":{"line":14,"column":1}}},"1":{"name":"(anonymous_1)","decl":{"start":{"line":9,"column":18},"end":{"line":9,"column":19}},"loc":{"start":{"line":9,"column":29},"end":{"line":12,"column":3}}},"2":{"name":"(anonymous_2)","decl":{"start":{"line":16,"column":31},"end":{"line":16,"column":32}},"loc":{"start":{"line":16,"column":68},"end":{"line":26,"column":1}}},"3":{"name":"(anonymous_3)","decl":{"start":{"line":18,"column":17},"end":{"line":18,"column":18}},"loc":{"start":{"line":18,"column":27},"end":{"line":25,"column":3}}},"4":{"name":"(anonymous_4)","decl":{"start":{"line":27,"column":26},"end":{"line":27,"column":27}},"loc":{"start":{"line":27,"column":47},"end":{"line":52,"column":1}}},"5":{"name":"(anonymous_5)","decl":{"start":{"line":34,"column":30},"end":{"line":34,"column":31}},"loc":{"start":{"line":34,"column":39},"end":{"line":48,"column":9}}},"6":{"name":"(anonymous_6)","decl":{"start":{"line":54,"column":31},"end":{"line":54,"column":32}},"loc":{"start":{"line":54,"column":69},"end":{"line":65,"column":1}}}},"branchMap":{"0":{"loc":{"start":{"line":22,"column":4},"end":{"line":24,"column":null}},"type":"if","locations":[{"start":{"line":22,"column":4},"end":{"line":24,"column":null}}]},"1":{"loc":{"start":{"line":29,"column":2},"end":{"line":51,"column":null}},"type":"if","locations":[{"start":{"line":29,"column":2},"end":{"line":51,"column":null}}]},"2":{"loc":{"start":{"line":33,"column":6},"end":{"line":49,"column":null}},"type":"if","locations":[{"start":{"line":33,"column":6},"end":{"line":49,"column":null}}]},"3":{"loc":{"start":{"line":38,"column":10},"end":{"line":47,"column":null}},"type":"if","locations":[{"start":{"line":38,"column":10},"end":{"line":47,"column":null}},{"start":{"line":41,"column":17},"end":{"line":47,"column":null}}]}},"s":{"0":2,"1":2,"2":2,"3":2,"4":10,"5":10,"6":10,"7":6,"8":6,"9":10,"10":2,"11":2,"12":4,"13":4,"14":8,"15":8,"16":8,"17":8,"18":8,"19":2,"20":2,"21":8,"22":8,"23":8,"24":8,"25":8,"26":16,"27":16,"28":6,"29":6,"30":6,"31":6,"32":1,"33":1,"34":5,"35":5,"36":5,"37":5,"38":5,"39":2,"40":2,"41":7,"42":7,"43":7,"44":7,"45":2},"f":{"0":10,"1":6,"2":4,"3":8,"4":8,"5":6,"6":7},"b":{"0":[8],"1":[8],"2":[16],"3":[1,5]}}
,"/home/runner/work/dasboard/dasboard/src/app/dashboard/src/match/match.ts": {"path":"/home/runner/work/dasboard/dasboard/src/app/dashboard/src/match/match.ts","statementMap":{"0":{"start":{"line":4,"column":12},"end":{"line":9,"column":2}},"1":{"start":{"line":12,"column":14},"end":{"line":19,"column":1}},"2":{"start":{"line":13,"column":17},"end":{"line":13,"column":19}},"3":{"start":{"line":14,"column":15},"end":{"line":14,"column":31}},"4":{"start":{"line":15,"column":2},"end":{"line":17,"column":5}},"5":{"start":{"line":16,"column":4},"end":{"line":16,"column":27}},"6":{"start":{"line":18,"column":2},"end":{"line":18,"column":16}},"7":{"start":{"line":20,"column":15},"end":{"line":29,"column":1}},"8":{"start":{"line":21,"column":18},"end":{"line":21,"column":24}},"9":{"start":{"line":22,"column":14},"end":{"line":22,"column":42}},"10":{"start":{"line":23,"column":15},"end":{"line":23,"column":31}},"11":{"start":{"line":24,"column":2},"end":{"line":27,"column":5}},"12":{"start":{"line":25,"column":18},"end":{"line":25,"column":44}},"13":{"start":{"line":26,"column":4},"end":{"line":26,"column":51}},"14":{"start":{"line":28,"column":2},"end":{"line":28,"column":19}},"15":{"start":{"line":35,"column":22},"end":{"line":37,"column":1}},"16":{"start":{"line":36,"column":2},"end":{"line":36,"column":30}},"17":{"start":{"line":35,"column":13},"end":{"line":35,"column":22}},"18":{"start":{"line":38,"column":22},"end":{"line":40,"column":1}},"19":{"start":{"line":39,"column":2},"end":{"line":39,"column":31}},"20":{"start":{"line":38,"column":13},"end":{"line":38,"column":22}},"21":{"start":{"line":42,"column":25},"end":{"line":76,"column":1}},"22":{"start":{"line":43,"column":30},"end":{"line":43,"column":40}},"23":{"start":{"line":44,"column":26},"end":{"line":44,"column":28}},"24":{"start":{"line":45,"column":21},"end":{"line":45,"column":40}},"25":{"start":{"line":46,"column":21},"end":{"line":46,"column":39}},"26":{"start":{"line":47,"column":20},"end":{"line":48,"column":64}},"27":{"start":{"line":48,"column":20},"end":{"line":48,"column":37}},"28":{"start":{"line":48,"column":52},"end":{"line":48,"column":63}},"29":{"start":{"line":49,"column":2},"end":{"line":74,"column":5}},"30":{"start":{"line":50,"column":4},"end":{"line":73,"column":null}},"31":{"start":{"line":51,"column":18},"end":{"line":51,"column":41}},"32":{"start":{"line":52,"column":18},"end":{"line":52,"column":28}},"33":{"start":{"line":53,"column":20},"end":{"line":53,"column":55}},"34":{"start":{"line":54,"column":22},"end":{"line":54,"column":25}},"35":{"start":{"line":55,"column":6},"end":{"line":62,"column":null}},"36":{"start":{"line":56,"column":27},"end":{"line":56,"column":38}},"37":{"start":{"line":57,"column":25},"end":{"line":57,"column":64}},"38":{"start":{"line":58,"column":8},"end":{"line":61,"column":null}},"39":{"start":{"line":59,"column":10},"end":{"line":59,"column":76}},"40":{"start":{"line":60,"column":10},"end":{"line":60,"column":27}},"41":{"start":{"line":63,"column":6},"end":{"line":72,"column":9}},"42":{"start":{"line":75,"column":2},"end":{"line":75,"column":16}},"43":{"start":{"line":42,"column":13},"end":{"line":42,"column":25}}},"fnMap":{"0":{"name":"(anonymous_0)","decl":{"start":{"line":12,"column":14},"end":{"line":12,"column":15}},"loc":{"start":{"line":12,"column":22},"end":{"line":19,"column":1}}},"1":{"name":"(anonymous_1)","decl":{"start":{"line":15,"column":15},"end":{"line":15,"column":16}},"loc":{"start":{"line":15,"column":23},"end":{"line":17,"column":3}}},"2":{"name":"(anonymous_2)","decl":{"start":{"line":20,"column":15},"end":{"line":20,"column":16}},"loc":{"start":{"line":20,"column":54},"end":{"line":29,"column":1}}},"3":{"name":"(anonymous_3)","decl":{"start":{"line":24,"column":15},"end":{"line":24,"column":16}},"loc":{"start":{"line":24,"column":23},"end":{"line":27,"column":3}}},"4":{"name":"(anonymous_4)","decl":{"start":{"line":35,"column":22},"end":{"line":35,"column":23}},"loc":{"start":{"line":35,"column":49},"end":{"line":37,"column":1}}},"5":{"name":"(anonymous_5)","decl":{"start":{"line":38,"column":22},"end":{"line":38,"column":23}},"loc":{"start":{"line":38,"column":49},"end":{"line":40,"column":1}}},"6":{"name":"(anonymous_6)","decl":{"start":{"line":42,"column":25},"end":{"line":42,"column":26}},"loc":{"start":{"line":42,"column":64},"end":{"line":76,"column":1}}},"7":{"name":"(anonymous_7)","decl":{"start":{"line":48,"column":11},"end":{"line":48,"column":12}},"loc":{"start":{"line":48,"column":20},"end":{"line":48,"column":37}}},"8":{"name":"(anonymous_8)","decl":{"start":{"line":48,"column":43},"end":{"line":48,"column":44}},"loc":{"start":{"line":48,"column":52},"end":{"line":48,"column":63}}},"9":{"name":"(anonymous_9)","decl":{"start":{"line":49,"column":20},"end":{"line":49,"column":21}},"loc":{"start":{"line":49,"column":35},"end":{"line":74,"column":3}}}},"branchMap":{"0":{"loc":{"start":{"line":22,"column":14},"end":{"line":22,"column":42}},"type":"cond-expr","locations":[{"start":{"line":22,"column":26},"end":{"line":22,"column":29}},{"start":{"line":22,"column":32},"end":{"line":22,"column":42}}]},"1":{"loc":{"start":{"line":50,"column":4},"end":{"line":73,"column":null}},"type":"if","locations":[{"start":{"line":50,"column":4},"end":{"line":73,"column":null}}]},"2":{"loc":{"start":{"line":55,"column":6},"end":{"line":62,"column":null}},"type":"if","locations":[{"start":{"line":55,"column":6},"end":{"line":62,"column":null}}]},"3":{"loc":{"start":{"line":58,"column":8},"end":{"line":61,"column":null}},"type":"if","locations":[{"start":{"line":58,"column":8},"end":{"line":61,"column":null}}]}},"s":{"0":3,"1":3,"2":11,"3":11,"4":11,"5":44,"6":11,"7":3,"8":61,"9":61,"10":61,"11":61,"12":244,"13":244,"14":61,"15":3,"16":50,"17":3,"18":3,"19":11,"20":3,"21":3,"22":16,"23":16,"24":16,"25":16,"26":16,"27":23,"28":23,"29":16,"30":23,"31":11,"32":11,"33":11,"34":11,"35":11,"36":11,"37":11,"38":11,"39":6,"40":6,"41":11,"42":16,"43":3},"f":{"0":11,"1":44,"2":61,"3":244,"4":50,"5":11,"6":16,"7":23,"8":23,"9":23},"b":{"0":[50,11],"1":[11],"2":[11],"3":[6]}}
,"/home/runner/work/dasboard/dasboard/src/app/dashboard/src/svgIcon/icons.ts": {"path":"/home/runner/work/dasboard/dasboard/src/app/dashboard/src/svgIcon/icons.ts","statementMap":{"0":{"start":{"line":1,"column":11},"end":{"line":1,"column":39}},"1":{"start":{"line":2,"column":13},"end":{"line":21,"column":2}}},"fnMap":{},"branchMap":{},"s":{"0":2,"1":2},"f":{},"b":{}}
,"/home/runner/work/dasboard/dasboard/src/app/dashboard/src/svgIcon/svgIcon.ts": {"path":"/home/runner/work/dasboard/dasboard/src/app/dashboard/src/svgIcon/svgIcon.ts","statementMap":{"0":{"start":{"line":1,"column":0},"end":{"line":1,"column":30}},"1":{"start":{"line":8,"column":16},"end":{"line":8,"column":32}},"2":{"start":{"line":15,"column":4},"end":{"line":15,"column":24}},"3":{"start":{"line":21,"column":4},"end":{"line":21,"column":12}},"4":{"start":{"line":28,"column":17},"end":{"line":28,"column":42}},"5":{"start":{"line":29,"column":17},"end":{"line":29,"column":42}},"6":{"start":{"line":30,"column":14},"end":{"line":30,"column":25}},"7":{"start":{"line":31,"column":4},"end":{"line":34,"column":null}},"8":{"start":{"line":32,"column":6},"end":{"line":32,"column":73}},"9":{"start":{"line":33,"column":6},"end":{"line":33,"column":27}},"10":{"start":{"line":46,"column":4},"end":{"line":50,"column":null}},"11":{"start":{"line":47,"column":6},"end":{"line":49,"column":null}},"12":{"start":{"line":48,"column":8},"end":{"line":48,"column":33}},"13":{"start":{"line":7,"column":0},"end":{"line":7,"column":13}}},"fnMap":{"0":{"name":"(anonymous_0)","decl":{"start":{"line":14,"column":2},"end":{"line":14,"column":8}},"loc":{"start":{"line":14,"column":31},"end":{"line":16,"column":3}}},"1":{"name":"(anonymous_1)","decl":{"start":{"line":20,"column":2},"end":{"line":20,"column":null}},"loc":{"start":{"line":20,"column":2},"end":{"line":22,"column":3}}},"2":{"name":"(anonymous_2)","decl":{"start":{"line":27,"column":2},"end":{"line":27,"column":19}},"loc":{"start":{"line":27,"column":19},"end":{"line":35,"column":3}}},"3":{"name":"(anonymous_3)","decl":{"start":{"line":43,"column":2},"end":{"line":43,"column":26}},"loc":{"start":{"line":44,"column":68},"end":{"line":51,"column":3}}}},"branchMap":{"0":{"loc":{"start":{"line":31,"column":4},"end":{"line":34,"column":null}},"type":"if","locations":[{"start":{"line":31,"column":4},"end":{"line":34,"column":null}}]},"1":{"loc":{"start":{"line":46,"column":4},"end":{"line":50,"column":null}},"type":"if","locations":[{"start":{"line":46,"column":4},"end":{"line":50,"column":null}}]},"2":{"loc":{"start":{"line":47,"column":6},"end":{"line":49,"column":null}},"type":"if","locations":[{"start":{"line":47,"column":6},"end":{"line":49,"column":null}}]}},"s":{"0":2,"1":2,"2":2,"3":14,"4":42,"5":42,"6":42,"7":42,"8":39,"9":39,"10":30,"11":30,"12":30,"13":2},"f":{"0":2,"1":14,"2":42,"3":30},"b":{"0":[39],"1":[30],"2":[30]}}
,"/home/runner/work/dasboard/dasboard/src/app/dashboard/src/types/index.d.ts": {"path":"/home/runner/work/dasboard/dasboard/src/app/dashboard/src/types/index.d.ts","statementMap":{},"fnMap":{},"branchMap":{},"s":{},"f":{},"b":{}}
}
