TN:
SF:src/app/dashboard/src/config.ts
FNF:0
FNH:0
DA:2,1
LF:1
LH:1
BRF:0
BRH:0
end_of_record
TN:
SF:src/app/dashboard/src/index.ts
FN:13,(anonymous_0)
FN:21,(anonymous_1)
FN:27,(anonymous_2)
FN:42,(anonymous_3)
FNF:4
FNH:4
FNDA:3,(anonymous_0)
FNDA:3,(anonymous_1)
FNDA:3,(anonymous_2)
FNDA:6,(anonymous_3)
DA:1,1
DA:2,1
DA:4,1
DA:5,1
DA:6,1
DA:12,1
DA:13,1
DA:14,3
DA:17,1
DA:18,1
DA:21,1
DA:22,3
DA:23,3
DA:24,3
DA:25,3
DA:26,3
DA:27,3
DA:28,3
DA:33,3
DA:34,3
DA:35,3
DA:36,3
DA:40,3
DA:42,3
DA:43,6
DA:44,6
DA:45,6
DA:48,3
DA:49,3
DA:50,3
DA:51,3
DA:53,3
LF:32
LH:32
BRDA:50,0,0,3
BRF:1
BRH:1
end_of_record
TN:
SF:src/app/dashboard/src/badge/badge.ts
FN:13,(anonymous_0)
FN:19,(anonymous_1)
FN:26,(anonymous_2)
FN:42,(anonymous_3)
FNF:4
FNH:4
FNDA:3,(anonymous_0)
FNDA:6,(anonymous_1)
FNDA:20,(anonymous_2)
FNDA:15,(anonymous_3)
DA:6,3
DA:7,3
DA:14,3
DA:20,6
DA:27,20
DA:28,20
DA:29,20
DA:45,15
DA:46,14
DA:47,14
LF:10
LH:10
BRDA:45,0,0,14
BRDA:46,1,0,14
BRF:2
BRH:2
end_of_record
TN:
SF:src/app/dashboard/src/dataService/data.ts
FN:24,(anonymous_0)
FN:27,(anonymous_1)
FN:36,(anonymous_2)
FN:37,(anonymous_3)
FN:41,(anonymous_4)
FN:42,(anonymous_5)
FN:44,(anonymous_6)
FN:51,(anonymous_7)
FN:54,(anonymous_8)
FNF:9
FNH:9
FNDA:8,(anonymous_0)
FNDA:10,(anonymous_1)
FNDA:4,(anonymous_2)
FNDA:4,(anonymous_3)
FNDA:4,(anonymous_4)
FNDA:4,(anonymous_5)
FNDA:5,(anonymous_6)
FNDA:4,(anonymous_7)
FNDA:4,(anonymous_8)
DA:1,2
DA:4,2
DA:24,2
DA:26,8
DA:27,8
DA:28,10
DA:30,8
DA:36,2
DA:37,4
DA:38,4
DA:41,2
DA:42,4
DA:43,4
DA:44,4
DA:45,5
DA:48,4
DA:51,2
DA:52,4
DA:54,2
DA:55,4
LF:20
LH:20
BRF:0
BRH:0
end_of_record
TN:
SF:src/app/dashboard/src/dataService/fetchData.ts
FN:1,(anonymous_0)
FN:3,(anonymous_1)
FN:14,(anonymous_2)
FNF:3
FNH:3
FNDA:11,(anonymous_0)
FNDA:11,(anonymous_1)
FNDA:11,(anonymous_2)
DA:1,3
DA:2,11
DA:4,11
DA:5,11
DA:6,11
DA:8,6
DA:10,5
DA:16,11
DA:17,11
DA:18,5
DA:20,6
DA:23,1
DA:25,11
DA:26,11
LF:14
LH:14
BRDA:4,0,0,11
BRDA:6,1,0,6
BRDA:6,1,1,5
BRDA:17,2,0,5
BRDA:17,2,1,6
BRDA:25,3,0,11
BRF:6
BRH:6
end_of_record
TN:
SF:src/app/dashboard/src/dom/dom.ts
FN:17,(anonymous_0)
FN:22,(anonymous_1)
FN:27,(anonymous_2)
FN:36,(anonymous_3)
FN:43,(anonymous_4)
FN:48,(anonymous_5)
FN:52,(anonymous_6)
FN:53,(anonymous_7)
FN:58,(anonymous_8)
FN:62,(anonymous_9)
FN:63,(anonymous_10)
FN:69,(anonymous_11)
FN:73,(anonymous_12)
FN:74,(anonymous_13)
FN:80,(anonymous_14)
FN:84,(anonymous_15)
FN:85,(anonymous_16)
FNF:17
FNH:17
FNDA:10,(anonymous_0)
FNDA:5,(anonymous_1)
FNDA:12,(anonymous_2)
FNDA:3,(anonymous_3)
FNDA:5,(anonymous_4)
FNDA:8,(anonymous_5)
FNDA:1,(anonymous_6)
FNDA:2,(anonymous_7)
FNDA:1,(anonymous_8)
FNDA:9,(anonymous_9)
FNDA:4,(anonymous_10)
FNDA:10,(anonymous_11)
FNDA:1,(anonymous_12)
FNDA:2,(anonymous_13)
FNDA:1,(anonymous_14)
FNDA:1,(anonymous_15)
FNDA:2,(anonymous_16)
DA:17,3
DA:18,10
DA:19,10
DA:22,3
DA:23,5
DA:24,5
DA:27,3
DA:28,12
DA:29,12
DA:30,6
DA:32,6
DA:36,3
DA:37,3
DA:38,3
DA:39,3
DA:43,3
DA:44,5
DA:45,5
DA:48,5
DA:49,8
DA:50,8
DA:52,5
DA:53,1
DA:54,2
DA:58,5
DA:59,1
DA:60,1
DA:62,5
DA:63,9
DA:64,4
DA:69,5
DA:70,10
DA:71,10
DA:73,5
DA:74,1
DA:75,2
DA:80,5
DA:81,1
DA:82,1
DA:84,5
DA:85,1
DA:86,2
LF:42
LH:42
BRDA:18,0,0,10
BRDA:18,1,0,10
BRDA:18,1,1,10
BRDA:23,2,0,5
BRDA:23,3,0,5
BRDA:23,3,1,5
BRDA:28,4,0,12
BRDA:28,5,0,12
BRDA:28,5,1,12
BRDA:29,6,0,6
BRDA:29,6,1,6
BRDA:37,7,0,3
BRDA:37,8,0,3
BRDA:37,8,1,3
BRF:14
BRH:14
end_of_record
TN:
SF:src/app/dashboard/src/highlight/highlight.ts
FN:6,(anonymous_0)
FN:9,(anonymous_1)
FN:16,(anonymous_2)
FN:18,(anonymous_3)
FN:27,(anonymous_4)
FN:34,(anonymous_5)
FN:54,(anonymous_6)
FNF:7
FNH:7
FNDA:10,(anonymous_0)
FNDA:6,(anonymous_1)
FNDA:4,(anonymous_2)
FNDA:8,(anonymous_3)
FNDA:8,(anonymous_4)
FNDA:6,(anonymous_5)
FNDA:7,(anonymous_6)
DA:2,2
DA:3,2
DA:5,2
DA:6,2
DA:7,10
DA:8,10
DA:9,10
DA:10,6
DA:11,6
DA:13,10
DA:16,2
DA:17,4
DA:18,4
DA:19,8
DA:20,8
DA:21,8
DA:22,8
DA:23,8
DA:27,2
DA:28,8
DA:29,8
DA:30,8
DA:31,8
DA:32,8
DA:33,16
DA:34,16
DA:35,6
DA:36,6
DA:37,6
DA:38,6
DA:39,1
DA:40,1
DA:42,5
DA:43,5
DA:44,5
DA:45,5
DA:46,5
DA:54,2
DA:55,7
DA:56,7
DA:60,7
DA:61,7
LF:42
LH:42
BRDA:22,0,0,8
BRDA:29,1,0,8
BRDA:33,2,0,16
BRDA:38,3,0,1
BRDA:38,3,1,5
BRF:5
BRH:5
end_of_record
TN:
SF:src/app/dashboard/src/match/match.ts
FN:12,(anonymous_0)
FN:15,(anonymous_1)
FN:20,(anonymous_2)
FN:24,(anonymous_3)
FN:35,(anonymous_4)
FN:38,(anonymous_5)
FN:42,(anonymous_6)
FN:48,(anonymous_7)
FN:48,(anonymous_8)
FN:49,(anonymous_9)
FNF:10
FNH:10
FNDA:11,(anonymous_0)
FNDA:44,(anonymous_1)
FNDA:61,(anonymous_2)
FNDA:244,(anonymous_3)
FNDA:50,(anonymous_4)
FNDA:11,(anonymous_5)
FNDA:16,(anonymous_6)
FNDA:23,(anonymous_7)
FNDA:23,(anonymous_8)
FNDA:23,(anonymous_9)
DA:4,3
DA:12,3
DA:13,11
DA:14,11
DA:15,11
DA:16,44
DA:18,11
DA:20,3
DA:21,61
DA:22,61
DA:23,61
DA:24,61
DA:25,244
DA:26,244
DA:28,61
DA:35,3
DA:36,50
DA:38,3
DA:39,11
DA:42,3
DA:43,16
DA:44,16
DA:45,16
DA:46,16
DA:47,16
DA:48,23
DA:49,16
DA:50,23
DA:51,11
DA:52,11
DA:53,11
DA:54,11
DA:55,11
DA:56,11
DA:57,11
DA:58,11
DA:59,6
DA:60,6
DA:63,11
DA:75,16
LF:40
LH:40
BRDA:22,0,0,50
BRDA:22,0,1,11
BRDA:50,1,0,11
BRDA:55,2,0,11
BRDA:58,3,0,6
BRF:5
BRH:5
end_of_record
TN:
SF:src/app/dashboard/src/svgIcon/icons.ts
FNF:0
FNH:0
DA:1,2
DA:2,2
LF:2
LH:2
BRF:0
BRH:0
end_of_record
TN:
SF:src/app/dashboard/src/svgIcon/svgIcon.ts
FN:14,(anonymous_0)
FN:20,(anonymous_1)
FN:27,(anonymous_2)
FN:43,(anonymous_3)
FNF:4
FNH:4
FNDA:2,(anonymous_0)
FNDA:14,(anonymous_1)
FNDA:42,(anonymous_2)
FNDA:30,(anonymous_3)
DA:1,2
DA:7,2
DA:8,2
DA:15,2
DA:21,14
DA:28,42
DA:29,42
DA:30,42
DA:31,42
DA:32,39
DA:33,39
DA:46,30
DA:47,30
DA:48,30
LF:14
LH:14
BRDA:31,0,0,39
BRDA:46,1,0,30
BRDA:47,2,0,30
BRF:3
BRH:3
end_of_record
TN:
SF:src/app/dashboard/src/types/index.d.ts
FNF:0
FNH:0
LF:0
LH:0
BRF:0
BRH:0
end_of_record
